Removed Pin From Net: NetName=+5 Pin=C17-1
Removed Pin From Net: NetName=GND Pin=C17-2
Removed Pin From Net: NetName=CAN_N Pin=CAN_DEBUG-1
Removed Pin From Net: NetName=CAN_P Pin=CAN_DEBUG-2
Removed Pin From Net: NetName=GND Pin=J-10
Removed Pin From Net: NetName=COMMON Pin=J-14
Removed Pin From Net: NetName=CAN_N Pin=R9-1
Removed Pin From Net: NetName=CAN_P Pin=R9-2
Removed Pin From Net: NetName=GND Pin=R11-2
Removed Pin From Net: NetName=External On/Off Feature Switch Pin=R23-1
Removed Pin From Net: NetName=+5 Pin=R23-2
Removed Pin From Net: NetName=StartStopEngineButton Pin=R24-1
Removed Pin From Net: NetName=+5 Pin=R24-2
Removed Pin From Net: NetName=VBAT Pin=SC-1
Removed Pin From Net: NetName=+5 Pin=SC-2
Removed Pin From Net: NetName=GND Pin=SC-3
Removed Pin From Net: NetName=COMMON Pin=U6-25
Removed Pin From Net: NetName=External On/Off Feature Switch Pin=U6-38
Removed Pin From Net: NetName=External On/Off Feature Switch Pin=U6-40
Removed Pin From Net: NetName=COMMON Pin=U6-41
Removed Member From Class: ClassName=StartStopEngine Member=R11
Change Component Designator: OldDesignator=C? NewDesignator=C
Change component parameters: Designator = "C2" ("C2"); Footprint = "CAPC2012X140N"; UniqueID = "\RATJFWLX" ("\RATJFWLX")
Change component parameters (AddParameter): Name = "Availability"; Value = "Unavailable"; VariantName = "[No Variations]"
Change component parameters (AddParameter): Name = "MF"; Value = ""; VariantName = "[No Variations]"
Change component parameters (AddParameter): Name = "MP"; Value = "LD055A561FAB2A"; VariantName = "[No Variations]"
Change component parameters (AddParameter): Name = "Package"; Value = "None"; VariantName = "[No Variations]"
Change component parameters (AddParameter): Name = "Price"; Value = "None"; VariantName = "[No Variations]"
Change component parameters (AddParameter): Name = "Value"; Value = "100n"; VariantName = "[No Variations]"
Change component parameters: Designator = "C4" ("C4"); Footprint = "CAPC2012X140N"; UniqueID = "\ODPNKWRT" ("\ODPNKWRT")
Change component parameters (AddParameter): Name = "Availability"; Value = "Unavailable"; VariantName = "[No Variations]"
Change component parameters (AddParameter): Name = "MF"; Value = ""; VariantName = "[No Variations]"
Change component parameters (AddParameter): Name = "MP"; Value = "LD055A561FAB2A"; VariantName = "[No Variations]"
Change component parameters (AddParameter): Name = "Package"; Value = "None"; VariantName = "[No Variations]"
Change component parameters (AddParameter): Name = "Price"; Value = "None"; VariantName = "[No Variations]"
Change component parameters (AddParameter): Name = "Value"; Value = "100n"; VariantName = "[No Variations]"
Change component parameters: Designator = "C5" ("C5"); Footprint = "CAPC2012X140N"; UniqueID = "\NOZSNRRU" ("\NOZSNRRU")
Change component parameters (AddParameter): Name = "Availability"; Value = "Unavailable"; VariantName = "[No Variations]"
Change component parameters (AddParameter): Name = "MF"; Value = ""; VariantName = "[No Variations]"
Change component parameters (AddParameter): Name = "MP"; Value = "LD055A561FAB2A"; VariantName = "[No Variations]"
Change component parameters (AddParameter): Name = "Package"; Value = "None"; VariantName = "[No Variations]"
Change component parameters (AddParameter): Name = "Price"; Value = "None"; VariantName = "[No Variations]"
Change component parameters (AddParameter): Name = "Value"; Value = "22u"; VariantName = "[No Variations]"
Change component parameters: Designator = "C6" ("C6"); Footprint = "CAPC3216X88N - DUPLICATE"; UniqueID = "\EWIKOTQG" ("\EWIKOTQG")
Change component parameters (AddParameter): Name = "Availability"; Value = "Unavailable"; VariantName = "[No Variations]"
Change component parameters (AddParameter): Name = "MF"; Value = ""; VariantName = "[No Variations]"
Change component parameters (AddParameter): Name = "MP"; Value = "C1206C130J1GACTU"; VariantName = "[No Variations]"
Change component parameters (AddParameter): Name = "Package"; Value = "None"; VariantName = "[No Variations]"
Change component parameters (AddParameter): Name = "Price"; Value = "None"; VariantName = "[No Variations]"
Change component parameters (AddParameter): Name = "Value"; Value = "22u"; VariantName = "[No Variations]"
Change component parameters: Designator = "C7" ("C7"); Footprint = "CAPC2012X140N"; UniqueID = "\QLACBYRB" ("\QLACBYRB")
Change component parameters (AddParameter): Name = "Availability"; Value = "Unavailable"; VariantName = "[No Variations]"
Change component parameters (AddParameter): Name = "MF"; Value = ""; VariantName = "[No Variations]"
Change component parameters (AddParameter): Name = "MP"; Value = "LD055A561FAB2A"; VariantName = "[No Variations]"
Change component parameters (AddParameter): Name = "Package"; Value = "None"; VariantName = "[No Variations]"
Change component parameters (AddParameter): Name = "Price"; Value = "None"; VariantName = "[No Variations]"
Change component parameters (AddParameter): Name = "Value"; Value = "100n"; VariantName = "[No Variations]"
Change component parameters: Designator = "C8" ("C8"); Footprint = "CAPC2012X140N"; UniqueID = "\NVNILOMZ" ("\NVNILOMZ")
Change component parameters (AddParameter): Name = "Availability"; Value = "Unavailable"; VariantName = "[No Variations]"
Change component parameters (AddParameter): Name = "MF"; Value = ""; VariantName = "[No Variations]"
Change component parameters (AddParameter): Name = "MP"; Value = "LD055A561FAB2A"; VariantName = "[No Variations]"
Change component parameters (AddParameter): Name = "Package"; Value = "None"; VariantName = "[No Variations]"
Change component parameters (AddParameter): Name = "Price"; Value = "None"; VariantName = "[No Variations]"
Change component parameters (AddParameter): Name = "Value"; Value = "100n"; VariantName = "[No Variations]"
Change component parameters: Designator = "C9" ("C9"); Footprint = "CAPC2012X140N"; UniqueID = "\PVEZYBXU" ("\PVEZYBXU")
Change component parameters (AddParameter): Name = "Availability"; Value = "Unavailable"; VariantName = "[No Variations]"
Change component parameters (AddParameter): Name = "MF"; Value = ""; VariantName = "[No Variations]"
Change component parameters (AddParameter): Name = "MP"; Value = "LD055A561FAB2A"; VariantName = "[No Variations]"
Change component parameters (AddParameter): Name = "Package"; Value = "None"; VariantName = "[No Variations]"
Change component parameters (AddParameter): Name = "Price"; Value = "None"; VariantName = "[No Variations]"
Change component parameters (AddParameter): Name = "Value"; Value = "100n"; VariantName = "[No Variations]"
Change component parameters: Designator = "C10" ("C10"); Footprint = "CAPC2012X140N"; UniqueID = "\OGSWMJOD" ("\OGSWMJOD")
Change component parameters (AddParameter): Name = "Availability"; Value = "Unavailable"; VariantName = "[No Variations]"
Change component parameters (AddParameter): Name = "MF"; Value = ""; VariantName = "[No Variations]"
Change component parameters (AddParameter): Name = "MP"; Value = "LD055A561FAB2A"; VariantName = "[No Variations]"
Change component parameters (AddParameter): Name = "Package"; Value = "None"; VariantName = "[No Variations]"
Change component parameters (AddParameter): Name = "Price"; Value = "None"; VariantName = "[No Variations]"
Change component parameters (AddParameter): Name = "Value"; Value = "100n"; VariantName = "[No Variations]"
Change component parameters: Designator = "C11" ("C11"); Footprint = "CAPC2012X140N"; UniqueID = "\AUATUQHZ" ("\AUATUQHZ")
Change component parameters (AddParameter): Name = "Availability"; Value = "Unavailable"; VariantName = "[No Variations]"
Change component parameters (AddParameter): Name = "MF"; Value = ""; VariantName = "[No Variations]"
Change component parameters (AddParameter): Name = "MP"; Value = "LD055A561FAB2A"; VariantName = "[No Variations]"
Change component parameters (AddParameter): Name = "Package"; Value = "None"; VariantName = "[No Variations]"
Change component parameters (AddParameter): Name = "Price"; Value = "None"; VariantName = "[No Variations]"
Change component parameters (AddParameter): Name = "Value"; Value = "100n"; VariantName = "[No Variations]"
Change component parameters: Designator = "C12" ("C12"); Footprint = "CAPC2012X140N"; UniqueID = "\SVDCUZAA" ("\SVDCUZAA")
Change component parameters (AddParameter): Name = "Availability"; Value = "Unavailable"; VariantName = "[No Variations]"
Change component parameters (AddParameter): Name = "MF"; Value = ""; VariantName = "[No Variations]"
Change component parameters (AddParameter): Name = "MP"; Value = "LD055A561FAB2A"; VariantName = "[No Variations]"
Change component parameters (AddParameter): Name = "Package"; Value = "None"; VariantName = "[No Variations]"
Change component parameters (AddParameter): Name = "Price"; Value = "None"; VariantName = "[No Variations]"
Change component parameters (AddParameter): Name = "Value"; Value = "2u2"; VariantName = "[No Variations]"
Change component parameters: Designator = "C15" ("C15"); Footprint = "CAPC2012X140N"; UniqueID = "\JANHZJHM" ("\JANHZJHM")
Change component parameters (AddParameter): Name = "Availability"; Value = "Unavailable"; VariantName = "[No Variations]"
Change component parameters (AddParameter): Name = "MF"; Value = ""; VariantName = "[No Variations]"
Change component parameters (AddParameter): Name = "MP"; Value = "LD055A561FAB2A"; VariantName = "[No Variations]"
Change component parameters (AddParameter): Name = "Package"; Value = "None"; VariantName = "[No Variations]"
Change component parameters (AddParameter): Name = "Price"; Value = "None"; VariantName = "[No Variations]"
Change component parameters (AddParameter): Name = "Value"; Value = "100n"; VariantName = "[No Variations]"
Change component parameters: Designator = "R4" ("R4"); Footprint = "RESC3115X65N"; UniqueID = "\KQRFTUVL" ("\KQRFTUVL")
Change component parameters (AddParameter): Name = "Availability"; Value = "Unavailable"; VariantName = "[No Variations]"
Change component parameters (AddParameter): Name = "EU_RoHS_Compliance"; Value = "Compliant with Exemptions"; VariantName = "[No Variations]"
Change component parameters (AddParameter): Name = "MF"; Value = "TE Connectivity"; VariantName = "[No Variations]"
Change component parameters (AddParameter): Name = "MP"; Value = "2-1879462-9"; VariantName = "[No Variations]"
Change component parameters (AddParameter): Name = "Package"; Value = "1206"; VariantName = "[No Variations]"
Change component parameters (AddParameter): Name = "Power_Rating"; Value = ".25 W"; VariantName = "[No Variations]"
Change component parameters (AddParameter): Name = "Price"; Value = "None"; VariantName = "[No Variations]"
Change component parameters (AddParameter): Name = "Resistance"; Value = "24"; VariantName = "[No Variations]"
Change component parameters (AddParameter): Name = "SnapEDA_Link"; Value = "https://www.snapeda.com/parts/2-1879462-9/TE%20Connectivity/view-part/2213899/?ref=snap"; VariantName = "[No Variations]"
Change component parameters (AddParameter): Name = "Tolerance"; Value = "1%"; VariantName = "[No Variations]"
Change component parameters (AddParameter): Name = "Value"; Value = "1K"; VariantName = "[No Variations]"
Change component parameters: Designator = "R9" ("R9"); Footprint = "RESC2012X65N"; UniqueID = "\VHTTZCBY" ("\VHTTZCBY")
Change component parameters (AddParameter): Name = "Availability"; Value = "Unavailable"; VariantName = "[No Variations]"
Change component parameters (AddParameter): Name = "MF"; Value = ""; VariantName = "[No Variations]"
Change component parameters (AddParameter): Name = "MP"; Value = "TLM2AER012JTE"; VariantName = "[No Variations]"
Change component parameters (AddParameter): Name = "Package"; Value = "None"; VariantName = "[No Variations]"
Change component parameters (AddParameter): Name = "Price"; Value = "None"; VariantName = "[No Variations]"
Change component parameters (AddParameter): Name = "Value"; Value = "120R"; VariantName = "[No Variations]"
Change component parameters: Designator = "R21" ("R21"); Footprint = "RESC3115X65N"; UniqueID = "\WRPWTSKO" ("\WRPWTSKO")
Change component parameters (AddParameter): Name = "Availability"; Value = "Unavailable"; VariantName = "[No Variations]"
Change component parameters (AddParameter): Name = "EU_RoHS_Compliance"; Value = "Compliant with Exemptions"; VariantName = "[No Variations]"
Change component parameters (AddParameter): Name = "MF"; Value = "TE Connectivity"; VariantName = "[No Variations]"
Change component parameters (AddParameter): Name = "MP"; Value = "2-1879462-9"; VariantName = "[No Variations]"
Change component parameters (AddParameter): Name = "Package"; Value = "1206"; VariantName = "[No Variations]"
Change component parameters (AddParameter): Name = "Power_Rating"; Value = ".25 W"; VariantName = "[No Variations]"
Change component parameters (AddParameter): Name = "Price"; Value = "None"; VariantName = "[No Variations]"
Change component parameters (AddParameter): Name = "Resistance"; Value = "24"; VariantName = "[No Variations]"
Change component parameters (AddParameter): Name = "SnapEDA_Link"; Value = "https://www.snapeda.com/parts/2-1879462-9/TE%20Connectivity/view-part/2213899/?ref=snap"; VariantName = "[No Variations]"
Change component parameters (AddParameter): Name = "Tolerance"; Value = "1%"; VariantName = "[No Variations]"
Change component parameters (AddParameter): Name = "Value"; Value = "1k"; VariantName = "[No Variations]"
Added Component: Designator=CAN_120R(HDR1X2)
Add component (AddParameter): Name = "LatestRevisionDate"; Value = "17-Jul-2002"; VariantName = "[No Variations]"
Add component (AddParameter): Name = "LatestRevisionNote"; Value = "Re-released for DXP Platform."; VariantName = "[No Variations]"
Add component (AddParameter): Name = "Publisher"; Value = "Altium Limited"; VariantName = "[No Variations]"
Added Component: Designator=SC(HDR1X4)
Add component (AddParameter): Name = "LatestRevisionDate"; Value = "17-Jul-2002"; VariantName = "[No Variations]"
Add component (AddParameter): Name = "LatestRevisionNote"; Value = "Re-released for DXP Platform."; VariantName = "[No Variations]"
Add component (AddParameter): Name = "Publisher"; Value = "Altium Limited"; VariantName = "[No Variations]"
Added Pin To Net: NetName=GND Pin=C17-1
Added Pin To Net: NetName=+5 Pin=C17-2
Added Pin To Net: NetName=CAN_N Pin=CAN_120R-2
Added Pin To Net: NetName=CAN_P Pin=CAN_DEBUG-1
Added Pin To Net: NetName=CAN_N Pin=CAN_DEBUG-2
Added Pin To Net: NetName=+5 Pin=J-10
Added Pin To Net: NetName=CAN_P Pin=R9-1
Added Pin To Net: NetName=+5 Pin=R23-1
Added Pin To Net: NetName=External On/Off Feature Switch Pin=R23-2
Added Pin To Net: NetName=+5 Pin=R24-1
Added Pin To Net: NetName=StartStopEngineButton Pin=R24-2
Added Pin To Net: NetName=VBAT Pin=SC-1
Added Pin To Net: NetName=+5 Pin=SC-2
Added Pin To Net: NetName=GND Pin=SC-3
Added Pin To Net: NetName=GND Pin=SC-4
Added Pin To Net: NetName=External On/Off Feature Switch Pin=U6-45
Change Net Name : Old Net Name=NetC14_2 New Net Name=XTAL_OUT
Change Net Name : Old Net Name=NetD3_A New Net Name=Selector_Relay_N
Change Net Name : Old Net Name=NetD4_A New Net Name=?StarterSignal_Relay_N
Change Net Name : Old Net Name=NetLED1_1 New Net Name=Led_12V
Change Net Name : Old Net Name=NetLED2_1 New Net Name=Led_ 5V
Change Net Name : Old Net Name=NetLED4_1 New Net Name=MCU_Test_Led
Change Net Name : Old Net Name=NetLED6_1 New Net Name=Opto1_N
Change Net Name : Old Net Name=NetLED7_1 New Net Name=Opto2_N
Change Net Name : Old Net Name=NetLED8_1 New Net Name=Opto3_N
Change Net Name : Old Net Name=NetM2_8 New Net Name=Transceiver_RS
Change Net Name : Old Net Name=NetQ1_1 New Net Name=BJT1_Base
Change Net Name : Old Net Name=NetQ2_1 New Net Name=BJT2_Base
Change Net Name : Old Net Name=NetQ3_1 New Net Name=BJT3_Base
Change Net Name : Old Net Name=NetR10_2 New Net Name=BOOT0
Change Net Name : Old Net Name=NetR12_1 New Net Name=Opto1_Out
Change Net Name : Old Net Name=NetR14_1 New Net Name=Opto1_P
Change Net Name : Old Net Name=NetR16_1 New Net Name=Opto2_P
Change Net Name : Old Net Name=NetR17_1 New Net Name=Opto2_Out
Change Net Name : Old Net Name=NetR18_1 New Net Name=Opto3_P
Change Net Name : Old Net Name=NetR19_1 New Net Name=Opto3_Out
Change Net Name : Old Net Name=StarterMotorRelay New Net Name=StarterTimerControledSignal
Change Net Name : Old Net Name=VBAT New Net Name=+3V3
Added Pin To Net: NetName=CAN_120 Pin=CAN_120R-1
Added Pin To Net: NetName=CAN_120 Pin=R9-2
Added Net: Name=CAN_120
Added Pin To Net: NetName=StarterMotorRelayFeedBack Pin=J-14
Added Pin To Net: NetName=StarterMotorRelayFeedBack Pin=K2-NO
Added Pin To Net: NetName=StarterMotorRelayFeedBack Pin=LED8-2
Added Pin To Net: NetName=StarterMotorRelayFeedBack Pin=U6-25
Added Net: Name=StarterMotorRelayFeedBack
Added Pin To Net: NetName=StartStopEngineButtonLed_N Pin=J-9
Added Pin To Net: NetName=StartStopEngineButtonLed_N Pin=U6-38
Added Net: Name=StartStopEngineButtonLed_N
Added Member To Class: ClassName=StartStopEngine Member=Component CAN_120R Header 2
Change Class Name : Old Net Name=diff90 New Net Name=CAN
