Removed Pin From Net: NetName=Brake_Switch Pin=J?-12
Removed Pin From Net: NetName=GND_P Pin=NT-6
Removed Pin From Net: NetName=GND Pin=NT-7
Removed Pin From Net: NetName=+3V3 Pin=U2-4
Added Component: Designator=R26(RESC2012X65N)
Add component (AddParameter): Name = "Availability"; Value = "Unavailable"; VariantName = "[No Variations]"
Add component (AddParameter): Name = "EU_RoHS_Compliance"; Value = "Compliant with Exemptions"; VariantName = "[No Variations]"
Add component (AddParameter): Name = "MF"; Value = "TE Connectivity"; VariantName = "[No Variations]"
Add component (AddParameter): Name = "MP"; Value = "2-1879462-9"; VariantName = "[No Variations]"
Add component (AddParameter): Name = "Package"; Value = "1206"; VariantName = "[No Variations]"
Add component (AddParameter): Name = "Power_Rating"; Value = ".25 W"; VariantName = "[No Variations]"
Add component (AddParameter): Name = "Price"; Value = "None"; VariantName = "[No Variations]"
Add component (AddParameter): Name = "Resistance"; Value = "24"; VariantName = "[No Variations]"
Add component (AddParameter): Name = "SnapEDA_Link"; Value = "https://www.snapeda.com/parts/2-1879462-9/TE%20Connectivity/view-part/2213899/?ref=snap"; VariantName = "[No Variations]"
Add component (AddParameter): Name = "Tolerance"; Value = "1%"; VariantName = "[No Variations]"
Add component (AddParameter): Name = "Value"; Value = "1k"; VariantName = "[No Variations]"
Added Pin To Net: NetName=Brake_Switch Pin=R26-2
Added Pin To Net: NetName=Brake_Switch_Con Pin=J?-12
Added Pin To Net: NetName=Brake_Switch_Con Pin=R26-1
Added Net: Name=Brake_Switch_Con
Added Member To Class: ClassName=StartStopEngine Member=Component J2 PJ-002B
Added Member To Class: ClassName=StartStopEngine Member=Component R26 Current Limiting Resistor
Added Room: Name=StartStopEngine
