Removed Pin From Net: NetName=GND Pin=C-1
Removed Pin From Net: NetName=+3V3 Pin=C-2
Removed Pin From Net: NetName=GND Pin=S1-1
Removed Pin From Net: NetName=GND Pin=S1-2
Removed Pin From Net: NetName=RESET Pin=S1-3
Removed Pin From Net: NetName=RESET Pin=S1-4
Removed Pin From Net: NetName=GND Pin=ST_LINK-1
Removed Pin From Net: NetName=TCK Pin=ST_LINK-2
Removed Pin From Net: NetName=TMS Pin=ST_LINK-3
Removed Pin From Net: NetName=+3V3 Pin=ST_LINK-4
Removed Member From Class: ClassName=StartStopEngine Member=ST_LINK
Change Component Footprint: Designator=C2 Old Footprint=CAPC2012X140N New Footprint=CAP_0805
Change Component Footprint: Designator=C4 Old Footprint=CAPC2012X140N New Footprint=CAP_0805
Change Component Footprint: Designator=C5 Old Footprint=CAPC2012X140N New Footprint=CAP_0805
Change Component Footprint: Designator=C6 Old Footprint=CAPC2012X140N New Footprint=CAP_0805
Change Component Footprint: Designator=C7 Old Footprint=CAPC2012X140N New Footprint=CAP_0805
Change Component Footprint: Designator=C8 Old Footprint=CAPC2012X140N New Footprint=CAP_0805
Change Component Footprint: Designator=C9 Old Footprint=CAPC2012X140N New Footprint=CAP_0805
Change Component Footprint: Designator=C10 Old Footprint=CAPC2012X140N New Footprint=CAP_0805
Change Component Footprint: Designator=C11 Old Footprint=CAPC2012X140N New Footprint=CAP_0805
Change Component Footprint: Designator=C12 Old Footprint=CAPC2012X140N New Footprint=CAP_0805
Change Component Footprint: Designator=C13 Old Footprint=CAPC2012X140N New Footprint=CAP_0805
Change Component Footprint: Designator=C14 Old Footprint=CAPC2012X140N New Footprint=CAP_0805
Change Component Footprint: Designator=C15 Old Footprint=CAPC2012X140N New Footprint=CAP_0805
Change Component Footprint: Designator=C16 Old Footprint=CAPC2012X140N New Footprint=CAP_0805
Change Component Footprint: Designator=C17 Old Footprint=CAPC2012X140N New Footprint=CAP_0805
Change Component Footprint: Designator=C18 Old Footprint=CAPC2012X140N New Footprint=CAP_0805
Change Component Footprint: Designator=C Old Footprint=CAPC2012X140N New Footprint=CAP_0805
Change Component Description : Designator=F Old Description=2-Pin Radial Fuse New Description=2-Pin Radial Fuse | Rectangular | Slow Blow | UL | Bulk Pack | 250mA
Added Component: Designator=D7(SOT23)
Add component (AddParameter): Name = "Availability"; Value = "In Stock"; VariantName = "[No Variations]"
Add component (AddParameter): Name = "Check_prices"; Value = "https://www.snapeda.com/parts/NUP2105L/RND+Components/view-part/?ref=eda"; VariantName = "[No Variations]"
Add component (AddParameter): Name = "MF"; Value = "DComponents"; VariantName = "[No Variations]"
Add component (AddParameter): Name = "MP"; Value = "NUP2105L"; VariantName = "[No Variations]"
Add component (AddParameter): Name = "Package"; Value = "None"; VariantName = "[No Variations]"
Add component (AddParameter): Name = "Price"; Value = "None"; VariantName = "[No Variations]"
Add component (AddParameter): Name = "Purchase-URL"; Value = "https://pricing.snapeda.com/search/part/NUP2105L/?ref=eda"; VariantName = "[No Variations]"
Add component (AddParameter): Name = "SnapEDA_Link"; Value = "https://www.snapeda.com/parts/NUP2105L/RND+Components/view-part/?ref=snap"; VariantName = "[No Variations]"
Add component (AddParameter): Name = "Value"; Value = ""; VariantName = "[No Variations]"
Added Component: Designator=J?(TE_1761681-3)
Add component (AddParameter): Name = "Availability"; Value = "Unavailable"; VariantName = "[No Variations]"
Add component (AddParameter): Name = "MF"; Value = "TE Connectivity"; VariantName = "[No Variations]"
Add component (AddParameter): Name = "MP"; Value = "1761681-3"; VariantName = "[No Variations]"
Add component (AddParameter): Name = "Package"; Value = "None"; VariantName = "[No Variations]"
Add component (AddParameter): Name = "Price"; Value = "None"; VariantName = "[No Variations]"
Add component (AddParameter): Name = "SnapEDA_Link"; Value = "https://www.snapeda.com/parts/1761681-3/TE%20Connectivity%20AMP%20Connectors/view-part/494554/?ref=snap"; VariantName = "[No Variations]"
Add component (AddParameter): Name = "Value"; Value = ""; VariantName = "[No Variations]"
Added Component: Designator=S?(SW_TL1015AF160QG)
Add component (AddParameter): Name = "Availability"; Value = "Unavailable"; VariantName = "[No Variations]"
Add component (AddParameter): Name = "MF"; Value = ""; VariantName = "[No Variations]"
Add component (AddParameter): Name = "MP"; Value = "TL1015AF160QG"; VariantName = "[No Variations]"
Add component (AddParameter): Name = "Package"; Value = "None"; VariantName = "[No Variations]"
Add component (AddParameter): Name = "Price"; Value = "None"; VariantName = "[No Variations]"
Add component (AddParameter): Name = "Value"; Value = ""; VariantName = "[No Variations]"
Added Pin To Net: NetName=+5 Pin=C-1
Added Pin To Net: NetName=GND Pin=C-2
Added Pin To Net: NetName=CAN_N Pin=D7-1
Added Pin To Net: NetName=CAN_P Pin=D7-2
Added Pin To Net: NetName=GND Pin=D7-3
Added Pin To Net: NetName=TMS Pin=J?-2
Added Pin To Net: NetName=GND Pin=J?-3
Added Pin To Net: NetName=GND Pin=J?-4
Added Pin To Net: NetName=TCK Pin=J?-6
Added Pin To Net: NetName=+5 Pin=J?-9
Added Pin To Net: NetName=+5 Pin=J?-10
Added Pin To Net: NetName=GND Pin=S?-1
Added Pin To Net: NetName=RESET Pin=S?-2
Added Member To Class: ClassName=StartStopEngine Member=Component D7 NUP2105L
Added Member To Class: ClassName=StartStopEngine Member=Component J? 9-6437287-8
Added Member To Class: ClassName=StartStopEngine Member=Component S? TL1015AF160QG
Added Room: Name=StartStopEngine
