Removed Pin From Net: NetName=StarterMotorRelayPositive Pin=J-1
Removed Pin From Net: NetName=StarterMotorRelayNegative Pin=J-2
Removed Pin From Net: NetName=External On/Off Feature Switch Pin=J-3
Removed Pin From Net: NetName=External On/Off Feature Switch Pin=J-4
Removed Pin From Net: NetName=StartStopEngineButtonLed_N Pin=J-5
Removed Pin From Net: NetName=CAN_N Pin=J-6
Removed Pin From Net: NetName=CAN_P Pin=J-7
Removed Pin From Net: NetName=GND_P Pin=J-8
Removed Pin From Net: NetName=+5 Pin=J-9
Removed Pin From Net: NetName=Brake_Switch Pin=J-10
Removed Pin From Net: NetName=StartStopEngineButton Pin=J-11
Removed Pin From Net: NetName=StarterMotorRelayFeedBack Pin=J-12
Removed Pin From Net: NetName=GND Pin=J-13
Removed Pin From Net: NetName=GND Pin=J-14
Removed Pin From Net: NetName=12V_IN Pin=J-15
Removed Member From Class: ClassName=StartStopEngine Member=J
Added Pin To Net: NetName=CAN_P Pin=J?-1
Added Pin To Net: NetName=CAN_N Pin=J?-2
Added Pin To Net: NetName=StarterMotorRelayFeedBack Pin=J?-4
Added Pin To Net: NetName=StartStopEngineButton Pin=J?-5
Added Pin To Net: NetName=StarterMotorRelayNegative Pin=J?-6
Added Pin To Net: NetName=StarterMotorRelayPositive Pin=J?-7
Added Pin To Net: NetName=StartStopEngineButtonLed_N Pin=J?-10
Added Pin To Net: NetName=External On/Off Feature Switch Pin=J?-11
Added Pin To Net: NetName=Brake_Switch Pin=J?-12
Added Pin To Net: NetName=GND_P Pin=J?-14
Added Pin To Net: NetName=+5 Pin=J?-16
Added Pin To Net: NetName=External On/Off Feature Switch Pin=J?-17
Added Pin To Net: NetName=12V_IN Pin=J?-20
Added Pin To Net: NetName=GND Pin=J?-21
Added Pin To Net: NetName=GND Pin=J?-22
Added Member To Class: ClassName=StartStopEngine Member=Component NT Net_Tie
Added Room: Name=StartStopEngine
