Removed Pin From Net: NetName=12V_IN Pin=?-2
Removed Pin From Net: NetName=CANL_N Pin=CAN_DEBUG-1
Removed Pin From Net: NetName=CANH_P Pin=CAN_DEBUG-2
Removed Pin From Net: NetName=NetD3_A Pin=LED4-2
Removed Pin From Net: NetName=StarterMotorRelayFeedBack Pin=LED5-2
Removed Pin From Net: NetName=GND_P Pin=NT-6
Removed Pin From Net: NetName=GND Pin=NT-7
Removed Pin From Net: NetName=VBAT Pin=R19-1
Removed Pin From Net: NetName=Brake_Switch_OUT Pin=R19-2
Removed Pin From Net: NetName=VBAT Pin=R22-1
Removed Pin From Net: NetName=COMMON Pin=U4-2
Removed Pin From Net: NetName=VBAT Pin=U5-4
Removed Pin From Net: NetName=StarterMotorRelayFeedBack Pin=U6-25
Removed Pin From Net: NetName=NetR20_2 Pin=U7-1
Removed Pin From Net: NetName=GND Pin=U7-2
Removed Pin From Net: NetName=VBAT Pin=U7-4
Removed Member From Class: ClassName=StartStopEngine Member=LED4
Removed Member From Class: ClassName=StartStopEngine Member=LED5
Removed Member From Class: ClassName=StartStopEngine Member=R13
Removed Member From Class: ClassName=StartStopEngine Member=R15
Change Component Designator: OldDesignator=R? NewDesignator=RC
Change component parameters: Designator = "R14" ("R14"); Footprint = "RESC3115X65N"; UniqueID = "\DCEFXKVF" ("\DCEFXKVF")
Change component parameters (AddParameter): Name = "Availability"; Value = "Unavailable"; VariantName = "[No Variations]"
Change component parameters (AddParameter): Name = "EU_RoHS_Compliance"; Value = "Compliant with Exemptions"; VariantName = "[No Variations]"
Change component parameters (AddParameter): Name = "MF"; Value = "TE Connectivity"; VariantName = "[No Variations]"
Change component parameters (AddParameter): Name = "MP"; Value = "2-1879462-9"; VariantName = "[No Variations]"
Change component parameters (AddParameter): Name = "Package"; Value = "1206"; VariantName = "[No Variations]"
Change component parameters (AddParameter): Name = "Power_Rating"; Value = ".25 W"; VariantName = "[No Variations]"
Change component parameters (AddParameter): Name = "Price"; Value = "None"; VariantName = "[No Variations]"
Change component parameters (AddParameter): Name = "Resistance"; Value = "24"; VariantName = "[No Variations]"
Change component parameters (AddParameter): Name = "SnapEDA_Link"; Value = "https://www.snapeda.com/parts/2-1879462-9/TE%20Connectivity/view-part/2213899/?ref=snap"; VariantName = "[No Variations]"
Change component parameters (AddParameter): Name = "Tolerance"; Value = "1%"; VariantName = "[No Variations]"
Change component parameters (AddParameter): Name = "Value"; Value = "1k"; VariantName = "[No Variations]"
Change component parameters: Designator = "R16" ("R16"); Footprint = "RESC3115X65N"; UniqueID = "\WVFFAXWG" ("\WVFFAXWG")
Change component parameters (AddParameter): Name = "Availability"; Value = "Unavailable"; VariantName = "[No Variations]"
Change component parameters (AddParameter): Name = "EU_RoHS_Compliance"; Value = "Compliant with Exemptions"; VariantName = "[No Variations]"
Change component parameters (AddParameter): Name = "MF"; Value = "TE Connectivity"; VariantName = "[No Variations]"
Change component parameters (AddParameter): Name = "MP"; Value = "2-1879462-9"; VariantName = "[No Variations]"
Change component parameters (AddParameter): Name = "Package"; Value = "1206"; VariantName = "[No Variations]"
Change component parameters (AddParameter): Name = "Power_Rating"; Value = ".25 W"; VariantName = "[No Variations]"
Change component parameters (AddParameter): Name = "Price"; Value = "None"; VariantName = "[No Variations]"
Change component parameters (AddParameter): Name = "Resistance"; Value = "24"; VariantName = "[No Variations]"
Change component parameters (AddParameter): Name = "SnapEDA_Link"; Value = "https://www.snapeda.com/parts/2-1879462-9/TE%20Connectivity/view-part/2213899/?ref=snap"; VariantName = "[No Variations]"
Change component parameters (AddParameter): Name = "Tolerance"; Value = "1%"; VariantName = "[No Variations]"
Change component parameters (AddParameter): Name = "Value"; Value = "1k"; VariantName = "[No Variations]"
Change component parameters: Designator = "R?" ("R?"); Footprint = "RESC3115X65N"; UniqueID = "\GTXDVXLW" ("\GTXDVXLW")
Change component parameters (AddParameter): Name = "Availability"; Value = "Unavailable"; VariantName = "[No Variations]"
Change component parameters (AddParameter): Name = "EU_RoHS_Compliance"; Value = "Compliant with Exemptions"; VariantName = "[No Variations]"
Change component parameters (AddParameter): Name = "MF"; Value = "TE Connectivity"; VariantName = "[No Variations]"
Change component parameters (AddParameter): Name = "MP"; Value = "2-1879462-9"; VariantName = "[No Variations]"
Change component parameters (AddParameter): Name = "Package"; Value = "1206"; VariantName = "[No Variations]"
Change component parameters (AddParameter): Name = "Power_Rating"; Value = ".25 W"; VariantName = "[No Variations]"
Change component parameters (AddParameter): Name = "Price"; Value = "None"; VariantName = "[No Variations]"
Change component parameters (AddParameter): Name = "Resistance"; Value = "24"; VariantName = "[No Variations]"
Change component parameters (AddParameter): Name = "SnapEDA_Link"; Value = "https://www.snapeda.com/parts/2-1879462-9/TE%20Connectivity/view-part/2213899/?ref=snap"; VariantName = "[No Variations]"
Change component parameters (AddParameter): Name = "Tolerance"; Value = "1%"; VariantName = "[No Variations]"
Change component parameters (AddParameter): Name = "Value"; Value = "120"; VariantName = "[No Variations]"
Added Component: Designator=F?(FUSRR508W60L835T400H810)
Add component (AddParameter): Name = "Availability"; Value = "Unavailable"; VariantName = "[No Variations]"
Add component (AddParameter): Name = "MF"; Value = ""; VariantName = "[No Variations]"
Add component (AddParameter): Name = "MP"; Value = "0697H0315-01"; VariantName = "[No Variations]"
Add component (AddParameter): Name = "Package"; Value = "None"; VariantName = "[No Variations]"
Add component (AddParameter): Name = "Price"; Value = "None"; VariantName = "[No Variations]"
Add component (AddParameter): Name = "Value"; Value = ""; VariantName = "[No Variations]"
Added Component: Designator=R23(RESC3115X65N)
Add component (AddParameter): Name = "Availability"; Value = "Unavailable"; VariantName = "[No Variations]"
Add component (AddParameter): Name = "EU_RoHS_Compliance"; Value = "Compliant with Exemptions"; VariantName = "[No Variations]"
Add component (AddParameter): Name = "MF"; Value = "TE Connectivity"; VariantName = "[No Variations]"
Add component (AddParameter): Name = "MP"; Value = "2-1879462-9"; VariantName = "[No Variations]"
Add component (AddParameter): Name = "Package"; Value = "1206"; VariantName = "[No Variations]"
Add component (AddParameter): Name = "Power_Rating"; Value = ".25 W"; VariantName = "[No Variations]"
Add component (AddParameter): Name = "Price"; Value = "None"; VariantName = "[No Variations]"
Add component (AddParameter): Name = "Resistance"; Value = "24"; VariantName = "[No Variations]"
Add component (AddParameter): Name = "SnapEDA_Link"; Value = "https://www.snapeda.com/parts/2-1879462-9/TE%20Connectivity/view-part/2213899/?ref=snap"; VariantName = "[No Variations]"
Add component (AddParameter): Name = "Tolerance"; Value = "1%"; VariantName = "[No Variations]"
Add component (AddParameter): Name = "Value"; Value = "10k"; VariantName = "[No Variations]"
Added Component: Designator=R24(RESC3115X65N)
Add component (AddParameter): Name = "Availability"; Value = "Unavailable"; VariantName = "[No Variations]"
Add component (AddParameter): Name = "EU_RoHS_Compliance"; Value = "Compliant with Exemptions"; VariantName = "[No Variations]"
Add component (AddParameter): Name = "MF"; Value = "TE Connectivity"; VariantName = "[No Variations]"
Add component (AddParameter): Name = "MP"; Value = "2-1879462-9"; VariantName = "[No Variations]"
Add component (AddParameter): Name = "Package"; Value = "1206"; VariantName = "[No Variations]"
Add component (AddParameter): Name = "Power_Rating"; Value = ".25 W"; VariantName = "[No Variations]"
Add component (AddParameter): Name = "Price"; Value = "None"; VariantName = "[No Variations]"
Add component (AddParameter): Name = "Resistance"; Value = "24"; VariantName = "[No Variations]"
Add component (AddParameter): Name = "SnapEDA_Link"; Value = "https://www.snapeda.com/parts/2-1879462-9/TE%20Connectivity/view-part/2213899/?ref=snap"; VariantName = "[No Variations]"
Add component (AddParameter): Name = "Tolerance"; Value = "1%"; VariantName = "[No Variations]"
Add component (AddParameter): Name = "Value"; Value = "10k"; VariantName = "[No Variations]"
Added Pin To Net: NetName=+5 Pin=D3-C
Added Pin To Net: NetName=+5 Pin=D4-C
Added Pin To Net: NetName=12V_IN Pin=F?-1
Added Pin To Net: NetName=COMMON Pin=J-14
Added Pin To Net: NetName=GND Pin=J-S1
Added Pin To Net: NetName=GND Pin=J-S2
Added Pin To Net: NetName=+5 Pin=K1-A1
Added Pin To Net: NetName=+5 Pin=K2-A1
Added Pin To Net: NetName=Brake_Switch_OUT Pin=R19-1
Added Pin To Net: NetName=VBAT Pin=R19-2
Added Pin To Net: NetName=VBAT Pin=R22-2
Added Pin To Net: NetName=+5 Pin=R23-2
Added Pin To Net: NetName=+5 Pin=R24-2
Added Pin To Net: NetName=+5 Pin=U3-4
Added Pin To Net: NetName=+5 Pin=U4-4
Added Pin To Net: NetName=Brake_Switch_OUT Pin=U5-4
Added Pin To Net: NetName=COMMON Pin=U6-25
Added Pin To Net: NetName=COMMON Pin=U6-41
Added Pin To Net: NetName=VBAT Pin=U7-1
Added Pin To Net: NetName=NetR20_2 Pin=U7-2
Change Net Name : Old Net Name=CANH_P New Net Name=CAN_P
Change Net Name : Old Net Name=CANL_N New Net Name=CAN_N
Change Net Name : Old Net Name=StarterMotorRelayFeedBack New Net Name=NetD4_A
Added Pin To Net: NetName=12V_OUT Pin=?-2
Added Pin To Net: NetName=12V_OUT Pin=F?-2
Added Net: Name=12V_OUT
Added Pin To Net: NetName=CANH_P Pin=CAN_DEBUG-2
Added Net: Name=CANH_P
Added Pin To Net: NetName=CANL_N Pin=CAN_DEBUG-1
Added Net: Name=CANL_N
Added Pin To Net: NetName=External On/Off Feature Switch Pin=J-7
Added Pin To Net: NetName=External On/Off Feature Switch Pin=R22-1
Added Pin To Net: NetName=External On/Off Feature Switch Pin=U6-38
Added Pin To Net: NetName=External On/Off Feature Switch Pin=U6-39
Added Pin To Net: NetName=External On/Off Feature Switch Pin=U6-40
Added Pin To Net: NetName=External On/Off Feature Switch Pin=U7-4
Added Net: Name=External On/Off Feature Switch
Added Pin To Net: NetName=NetLED6_1 Pin=U3-2
Added Net: Name=NetLED6_1
Added Pin To Net: NetName=NetLED7_1 Pin=U4-2
Added Net: Name=NetLED7_1
Added Pin To Net: NetName=NetR14_1 Pin=R14-1
Added Pin To Net: NetName=NetR14_1 Pin=U3-1
Added Net: Name=NetR14_1
Added Pin To Net: NetName=NetR16_1 Pin=R16-1
Added Pin To Net: NetName=NetR16_1 Pin=U4-1
Added Net: Name=NetR16_1
Added Differential Pair: Name=CAN
Added Member To Class: ClassName=StartStopEngine Member=Component F? 0697H0315-01
Added Member To Class: ClassName=StartStopEngine Member=Component R23 2-1879462-9
Added Member To Class: ClassName=StartStopEngine Member=Component R24 2-1879462-9
Added Room: Name=StartStopEngine
Added Class: Name=diff90
