Added Member To Class: ClassName=StartStopEngine Member=Component C? LD055A561FAB2A
Added Member To Class: ClassName=StartStopEngine Member=Component C? LD055A561FAB2A
Added Member To Class: ClassName=StartStopEngine Member=Component C? LD055A561FAB2A
Added Member To Class: ClassName=StartStopEngine Member=Component C? LD055A561FAB2A
Added Member To Class: ClassName=StartStopEngine Member=Component C? LD055A561FAB2A
Added Member To Class: ClassName=StartStopEngine Member=Component C? C1206C130J1GACTU
Added Member To Class: ClassName=StartStopEngine Member=Component C? LD055A561FAB2A
Added Member To Class: ClassName=StartStopEngine Member=Component C? LD055A561FAB2A
Added Member To Class: ClassName=StartStopEngine Member=Component C? LD055A561FAB2A
Added Member To Class: ClassName=StartStopEngine Member=Component C? EEEFK1V221GP
Added Member To Class: ClassName=StartStopEngine Member=Component C? LD055A561FAB2A
Added Member To Class: ClassName=StartStopEngine Member=Component C? LD055A561FAB2A
Added Member To Class: ClassName=StartStopEngine Member=Component C? LD055A561FAB2A
Added Member To Class: ClassName=StartStopEngine Member=Component C? EEE1HA101UP
Added Member To Class: ClassName=StartStopEngine Member=Component C? LD055A561FAB2A
Added Member To Class: ClassName=StartStopEngine Member=Component C? LD055A561FAB2A
Added Member To Class: ClassName=StartStopEngine Member=Component C? LD055A561FAB2A
Added Member To Class: ClassName=StartStopEngine Member=Component C? LD055A561FAB2A
Added Member To Class: ClassName=StartStopEngine Member=Component C? LD055A561FAB2A
Added Member To Class: ClassName=StartStopEngine Member=Component D? SS34
Added Member To Class: ClassName=StartStopEngine Member=Component K? SRD-05VDC-SL-C
Added Member To Class: ClassName=StartStopEngine Member=Component LED? CMD17-21VGD_TR8
Added Member To Class: ClassName=StartStopEngine Member=Component LED? CMD17-21VGD_TR8
Added Member To Class: ClassName=StartStopEngine Member=Component LED? CMD17-21VGD_TR8
Added Member To Class: ClassName=StartStopEngine Member=Component M? MCP2551-E/P
Added Member To Class: ClassName=StartStopEngine Member=Component R? 2-1879462-9
Added Member To Class: ClassName=StartStopEngine Member=Component R? 2-1879462-9
Added Member To Class: ClassName=StartStopEngine Member=Component R? TLM2AER012JTE
Added Member To Class: ClassName=StartStopEngine Member=Component R? 2-1879462-9
Added Member To Class: ClassName=StartStopEngine Member=Component R? TLM2AER012JTE
Added Member To Class: ClassName=StartStopEngine Member=Component R? TLM2AER012JTE
Added Member To Class: ClassName=StartStopEngine Member=Component R? 2-1879462-9
Added Member To Class: ClassName=StartStopEngine Member=Component R? TLM2AER012JTE
Added Member To Class: ClassName=StartStopEngine Member=Component R? 2-1879462-9
Added Member To Class: ClassName=StartStopEngine Member=Component R? TLM2AER012JTE
Added Member To Class: ClassName=StartStopEngine Member=Component U? AMS1117-3.3
Added Member To Class: ClassName=StartStopEngine Member=Component U? LM2596SX-ADJ/NOPB
Added Room: Name=StartStopEngine
