Change Component Designator: OldDesignator=C? NewDesignator=C1
Change Component Designator: OldDesignator=C? NewDesignator=C2
Change Component Designator: OldDesignator=C? NewDesignator=C3
Change Component Designator: OldDesignator=C? NewDesignator=C4
Change Component Designator: OldDesignator=C? NewDesignator=C5
Change Component Designator: OldDesignator=C? NewDesignator=C6
Change Component Designator: OldDesignator=C? NewDesignator=C7
Change Component Designator: OldDesignator=C? NewDesignator=C8
Change Component Designator: OldDesignator=C? NewDesignator=C9
Change Component Designator: OldDesignator=C? NewDesignator=C10
Change Component Designator: OldDesignator=C? NewDesignator=C11
Change Component Designator: OldDesignator=C? NewDesignator=C12
Change Component Designator: OldDesignator=C? NewDesignator=C13
Change Component Designator: OldDesignator=C? NewDesignator=C14
Change Component Designator: OldDesignator=C? NewDesignator=C15
Change Component Designator: OldDesignator=C? NewDesignator=C16
Change Component Designator: OldDesignator=C? NewDesignator=C17
Change Component Designator: OldDesignator=C? NewDesignator=C18
Change Component Designator: OldDesignator=CAN_DEBUG? NewDesignator=CAN_DEBUG
Change Component Designator: OldDesignator=D? NewDesignator=D1
Change Component Designator: OldDesignator=D? NewDesignator=D2
Change Component Designator: OldDesignator=J? NewDesignator=J2
Change Component Designator: OldDesignator=K? NewDesignator=K1
Change Component Designator: OldDesignator=K? NewDesignator=K2
Change Component Designator: OldDesignator=L? NewDesignator=L1
Change Component Designator: OldDesignator=LED? NewDesignator=LED1
Change Component Designator: OldDesignator=LED? NewDesignator=LED2
Change Component Designator: OldDesignator=LED? NewDesignator=LED3
Change Component Designator: OldDesignator=NT? NewDesignator=NT
Change Component Designator: OldDesignator=R? NewDesignator=R1
Change Component Designator: OldDesignator=R? NewDesignator=R2
Change Component Designator: OldDesignator=R? NewDesignator=R3
Change Component Designator: OldDesignator=R? NewDesignator=R4
Change Component Designator: OldDesignator=R? NewDesignator=R6
Change Component Designator: OldDesignator=R? NewDesignator=R7
Change Component Designator: OldDesignator=R? NewDesignator=R8
Change Component Designator: OldDesignator=R? NewDesignator=R10
Change Component Designator: OldDesignator=R? NewDesignator=R11
Change Component Designator: OldDesignator=R? NewDesignator=R21
Change Component Designator: OldDesignator=S? NewDesignator=S1
Change Component Designator: OldDesignator=SC? NewDesignator=SC
Change Component Designator: OldDesignator=ST_LINK? NewDesignator=ST_LINK
Change Component Designator: OldDesignator=U? NewDesignator=U1
Change Component Designator: OldDesignator=U? NewDesignator=U2
Change Component Designator: OldDesignator=VR? NewDesignator=VR1
Change Component Designator: OldDesignator=Y? NewDesignator=Y1
Added Pin To Net: NetName=OSC_IN Pin=C13-2
Added Pin To Net: NetName=OSC_OUT Pin=R6-1
Added Pin To Net: NetName=RESET_F4 Pin=U?-7
Added Pin To Net: NetName=OSC_IN Pin=Y1-2
Change Net Name : Old Net Name=NetC?_2 New Net Name=NetC14_2
Change Net Name : Old Net Name=NetD?_C New Net Name=NetD1_C
Change Net Name : Old Net Name=NetR?_1 New Net Name=NetR11_1
Change Net Name : Old Net Name=NetR?_2 New Net Name=NetR10_2
Change Net Name : Old Net Name=RESET_F4 New Net Name=RESET
Added Pin To Net: NetName=NetLED1_1 Pin=LED1-1
Added Pin To Net: NetName=NetLED1_1 Pin=R1-1
Added Net: Name=NetLED1_1
Added Pin To Net: NetName=NetLED2_1 Pin=LED2-1
Added Pin To Net: NetName=NetLED2_1 Pin=R21-1
Added Net: Name=NetLED2_1
Added Pin To Net: NetName=NetLED3_1 Pin=LED3-1
Added Pin To Net: NetName=NetLED3_1 Pin=R3-1
Added Net: Name=NetLED3_1
Added Pin To Net: NetName=NetR2_2 Pin=R2-2
Added Pin To Net: NetName=NetR2_2 Pin=U1-4
Added Pin To Net: NetName=NetR2_2 Pin=VR1-1
Added Pin To Net: NetName=NetR2_2 Pin=VR1-2
Added Net: Name=NetR2_2
Added Member To Class: ClassName=StartStopEngine Member=Component C2 LD055A561FAB2A
Added Member To Class: ClassName=StartStopEngine Member=Component C3 EEEFK1V221GP
Added Member To Class: ClassName=StartStopEngine Member=Component C4 LD055A561FAB2A
Added Member To Class: ClassName=StartStopEngine Member=Component C5 LD055A561FAB2A
Added Member To Class: ClassName=StartStopEngine Member=Component C6 C1206C130J1GACTU
Added Member To Class: ClassName=StartStopEngine Member=Component C7 LD055A561FAB2A
Added Member To Class: ClassName=StartStopEngine Member=Component C8 LD055A561FAB2A
Added Member To Class: ClassName=StartStopEngine Member=Component C9 LD055A561FAB2A
Added Member To Class: ClassName=StartStopEngine Member=Component C10 LD055A561FAB2A
Added Member To Class: ClassName=StartStopEngine Member=Component C11 LD055A561FAB2A
Added Member To Class: ClassName=StartStopEngine Member=Component C12 LD055A561FAB2A
Added Member To Class: ClassName=StartStopEngine Member=Component C13 LD055A561FAB2A
Added Member To Class: ClassName=StartStopEngine Member=Component C14 LD055A561FAB2A
Added Member To Class: ClassName=StartStopEngine Member=Component C15 LD055A561FAB2A
Added Member To Class: ClassName=StartStopEngine Member=Component C16 LD055A561FAB2A
Added Member To Class: ClassName=StartStopEngine Member=Component C17 LD055A561FAB2A
Added Member To Class: ClassName=StartStopEngine Member=Component C18 LD055A561FAB2A
Added Member To Class: ClassName=StartStopEngine Member=Component C? LD055A561FAB2A
Added Member To Class: ClassName=StartStopEngine Member=Component D2 1N4007
Added Member To Class: ClassName=StartStopEngine Member=Component K1 SRD-05VDC-SL-C
Added Member To Class: ClassName=StartStopEngine Member=Component LED1 CMD17-21VGD_TR8
Added Member To Class: ClassName=StartStopEngine Member=Component LED3 CMD17-21VGD_TR8
Added Member To Class: ClassName=StartStopEngine Member=Component LED? CMD17-21VGD_TR8
Added Member To Class: ClassName=StartStopEngine Member=Component R1 2-1879462-9
Added Member To Class: ClassName=StartStopEngine Member=Component R2 2-1879462-9
Added Member To Class: ClassName=StartStopEngine Member=Component R3 2-1879462-9
Added Member To Class: ClassName=StartStopEngine Member=Component R4 2-1879462-9
Added Member To Class: ClassName=StartStopEngine Member=Component R6 TLM2AER012JTE
Added Member To Class: ClassName=StartStopEngine Member=Component R7 TLM2AER012JTE
Added Member To Class: ClassName=StartStopEngine Member=Component R8 TLM2AER012JTE
Added Member To Class: ClassName=StartStopEngine Member=Component R10 TLM2AER012JTE
Added Member To Class: ClassName=StartStopEngine Member=Component R11 TLM2AER012JTE
Added Member To Class: ClassName=StartStopEngine Member=Component U2 AMS1117-3.3
Added Member To Class: ClassName=StartStopEngine Member=Component U? STM32F103C8T6
